\BOOKMARK [0][-]{chapter.1}{\376\377\000I\000n\000t\000r\000o\000d\000u\000c\000t\000i\000o\000n}{}% 1
\BOOKMARK [1][-]{section.1.1}{\376\377\000I\000n\000t\000r\000o\000d\000u\000c\000t\000i\000o\000n}{chapter.1}% 2
\BOOKMARK [2][-]{subsection.1.1.1}{\376\377\000P\000r\000o\000b\000l\000e\000m\000\040\000D\000e\000f\000i\000n\000i\000t\000i\000o\000n}{section.1.1}% 3
\BOOKMARK [2][-]{subsection.1.1.2}{\376\377\000T\000h\000e\000\040\000R\000o\000l\000e\000\040\000o\000f\000\040\000G\000e\000n\000e\000r\000a\000t\000i\000v\000e\000\040\000A\000I}{section.1.1}% 4
\BOOKMARK [1][-]{section.1.2}{\376\377\000I\000n\000t\000r\000o\000d\000u\000c\000i\000n\000g\000\040\000N\000e\000u\000r\000a\000L\000e\000a\000r\000n\000A\000c\000a\000d\000e\000m\000y}{chapter.1}% 5
\BOOKMARK [2][-]{subsection.1.2.1}{\376\377\000P\000r\000o\000b\000l\000e\000m\000\040\000S\000o\000l\000u\000t\000i\000o\000n}{section.1.2}% 6
\BOOKMARK [1][-]{section.1.3}{\376\377\000G\000e\000n\000e\000r\000a\000t\000i\000n\000g\000\040\000Q\000u\000e\000s\000t\000i\000o\000n\000s\000\040\000a\000n\000d\000\040\000S\000u\000m\000m\000a\000r\000i\000z\000i\000n\000g\000\040\000V\000i\000d\000e\000o\000\040\000T\000r\000a\000n\000s\000c\000r\000i\000p\000t\000s}{chapter.1}% 7
\BOOKMARK [1][-]{section.1.4}{\376\377\000I\000n\000t\000e\000g\000r\000a\000t\000i\000o\000n\000\040\000w\000i\000t\000h\000\040\000P\000l\000a\000t\000f\000o\000r\000m}{chapter.1}% 8
\BOOKMARK [1][-]{section.1.5}{\376\377\000M\000o\000t\000i\000v\000a\000t\000i\000o\000n}{chapter.1}% 9
\BOOKMARK [2][-]{subsection.1.5.1}{\376\377\000C\000o\000m\000p\000r\000e\000h\000e\000n\000s\000i\000v\000e\000\040\000U\000n\000d\000e\000r\000s\000t\000a\000n\000d\000i\000n\000g}{section.1.5}% 10
\BOOKMARK [2][-]{subsection.1.5.2}{\376\377\000P\000e\000r\000s\000o\000n\000a\000l\000i\000z\000e\000d\000\040\000K\000n\000o\000w\000l\000e\000d\000g\000e\000\040\000A\000s\000s\000e\000s\000s\000m\000e\000n\000t}{section.1.5}% 11
\BOOKMARK [2][-]{subsection.1.5.3}{\376\377\000S\000u\000m\000m\000a\000r\000i\000z\000a\000t\000i\000o\000n\000\040\000f\000o\000r\000\040\000R\000e\000i\000n\000f\000o\000r\000c\000e\000m\000e\000n\000t}{section.1.5}% 12
\BOOKMARK [2][-]{subsection.1.5.4}{\376\377\000I\000t\000e\000r\000a\000t\000i\000v\000e\000\040\000L\000e\000a\000r\000n\000i\000n\000g\000\040\000J\000o\000u\000r\000n\000e\000y}{section.1.5}% 13
\BOOKMARK [2][-]{subsection.1.5.5}{\376\377\000C\000o\000n\000t\000i\000n\000u\000o\000u\000s\000\040\000I\000m\000p\000r\000o\000v\000e\000m\000e\000n\000t\000\040\000F\000e\000e\000d\000b\000a\000c\000k\000\040\000L\000o\000o\000p}{section.1.5}% 14
\BOOKMARK [1][-]{section.1.6}{\376\377\000P\000r\000o\000j\000e\000c\000t\000\040\000L\000i\000m\000i\000t\000a\000t\000i\000o\000n\000s}{chapter.1}% 15
\BOOKMARK [0][-]{chapter.2}{\376\377\000P\000r\000o\000j\000e\000c\000t\000\040\000P\000l\000a\000n\000n\000i\000n\000g}{}% 16
\BOOKMARK [1][-]{section.2.1}{\376\377\000W\000h\000y\000\040\000P\000l\000a\000n\000n\000i\000n\000g\000\040\000?}{chapter.2}% 17
\BOOKMARK [1][-]{section.2.2}{\376\377\000S\000c\000r\000u\000m\000\040\000O\000v\000e\000r\000v\000i\000e\000w}{chapter.2}% 18
\BOOKMARK [1][-]{section.2.3}{\376\377\000S\000c\000r\000u\000m\000\040\000A\000c\000t\000i\000v\000i\000t\000i\000e\000s\000\040\000a\000n\000d\000\040\000E\000v\000e\000n\000t\000s}{chapter.2}% 19
\BOOKMARK [1][-]{section.2.4}{\376\377\000W\000h\000y\000\040\000S\000c\000r\000u\000m\000?}{chapter.2}% 20
\BOOKMARK [1][-]{section.2.5}{\376\377\000M\000a\000i\000n\000\040\000t\000a\000s\000k\000s\000\040\000o\000f\000\040\000o\000u\000r\000\040\000p\000r\000o\000j\000e\000c\000t}{chapter.2}% 21
\BOOKMARK [1][-]{section.2.6}{\376\377\000R\000i\000s\000k\000\040\000I\000d\000e\000n\000t\000i\000f\000i\000c\000a\000t\000i\000o\000n}{chapter.2}% 22
\BOOKMARK [2][-]{subsection.2.6.1}{\376\377\000T\000e\000c\000h\000n\000o\000l\000o\000g\000y\000\040\000D\000e\000p\000e\000n\000d\000e\000n\000c\000i\000e\000s}{section.2.6}% 23
\BOOKMARK [2][-]{subsection.2.6.2}{\376\377\000D\000a\000t\000a\000\040\000S\000e\000c\000u\000r\000i\000t\000y\000\040\000a\000n\000d\000\040\000P\000r\000i\000v\000a\000c\000y}{section.2.6}% 24
\BOOKMARK [2][-]{subsection.2.6.3}{\376\377\000U\000s\000e\000r\000\040\000A\000d\000o\000p\000t\000i\000o\000n}{section.2.6}% 25
\BOOKMARK [2][-]{subsection.2.6.4}{\376\377\000S\000c\000a\000l\000a\000b\000i\000l\000i\000t\000y\000\040\000C\000h\000a\000l\000l\000e\000n\000g\000e\000s}{section.2.6}% 26
\BOOKMARK [2][-]{subsection.2.6.5}{\376\377\000C\000o\000n\000t\000e\000n\000t\000\040\000Q\000u\000a\000l\000i\000t\000y}{section.2.6}% 27
\BOOKMARK [2][-]{subsection.2.6.6}{\376\377\000T\000e\000c\000h\000n\000o\000l\000o\000g\000i\000c\000a\000l\000\040\000O\000b\000s\000o\000l\000e\000s\000c\000e\000n\000c\000e}{section.2.6}% 28
\BOOKMARK [2][-]{subsection.2.6.7}{\376\377\000A\000d\000a\000p\000t\000a\000b\000i\000l\000i\000t\000y\000\040\000t\000o\000\040\000L\000e\000a\000r\000n\000i\000n\000g\000\040\000S\000t\000y\000l\000e\000s}{section.2.6}% 29
\BOOKMARK [2][-]{subsection.2.6.8}{\376\377\000I\000n\000t\000e\000g\000r\000a\000t\000i\000o\000n\000\040\000w\000i\000t\000h\000\040\000E\000x\000t\000e\000r\000n\000a\000l\000\040\000S\000y\000s\000t\000e\000m\000s}{section.2.6}% 30
\BOOKMARK [2][-]{subsection.2.6.9}{\376\377\000R\000e\000g\000u\000l\000a\000t\000o\000r\000y\000\040\000C\000o\000m\000p\000l\000i\000a\000n\000c\000e}{section.2.6}% 31
\BOOKMARK [2][-]{subsection.2.6.10}{\376\377\000U\000s\000e\000r\000\040\000T\000e\000c\000h\000n\000i\000c\000a\000l\000\040\000P\000r\000o\000f\000i\000c\000i\000e\000n\000c\000y}{section.2.6}% 32
\BOOKMARK [0][-]{chapter.3}{\376\377\000S\000y\000s\000t\000e\000m\000\040\000A\000n\000a\000l\000y\000s\000i\000s}{}% 33
\BOOKMARK [1][-]{section.3.1}{\376\377\000S\000y\000s\000t\000e\000m\000\040\000R\000e\000q\000u\000i\000r\000e\000m\000e\000n\000t\000s}{chapter.3}% 34
\BOOKMARK [2][-]{subsection.3.1.1}{\376\377\000F\000u\000n\000c\000t\000i\000o\000n\000a\000l\000\040\000R\000e\000q\000u\000i\000r\000e\000m\000e\000n\000t\000s}{section.3.1}% 35
\BOOKMARK [2][-]{subsection.3.1.2}{\376\377\000N\000o\000n\000-\000F\000u\000n\000c\000t\000i\000o\000n\000a\000l\000\040\000R\000e\000q\000u\000i\000r\000e\000m\000e\000n\000t\000s}{section.3.1}% 36
\BOOKMARK [1][-]{section.3.2}{\376\377\000P\000r\000o\000c\000e\000s\000s\000\040\000o\000f\000\040\000R\000e\000q\000u\000i\000r\000e\000m\000e\000n\000t\000s\000\040}{chapter.3}% 37
